<?xml version="1.0" encoding="UTF-8"?>
<!-- Generated by org.testng.reporters.JUnitReportReporter -->
<testsuite skipped="0" hostname="DESKTOP-J9VQ03L" name="stepsPage.Rightclick" tests="1" failures="0" timestamp="11 May 2019 23:01:39 GMT" time="0.007" errors="0">
  <testcase name="testRightclick" time="0.007" classname="stepsPage.Rightclick"/>
</testsuite> <!-- stepsPage.Rightclick -->
